<?xml version="1.0" encoding="UTF-8"?>
<!-- Generated by org.testng.reporters.JUnitXMLReporter -->
<testsuite ignored="0" hostname="DESKTOP-DJ4FDME" failures="0" tests="3" name="Default test" time="19.068" errors="0" timestamp="2024-05-21T22:15:05 IST">
  <testcase classname="org.wipro.automation.fb.testcases.LoginScenario" name="tc001_validateloginfunc" time="0.481"/>
  <testcase classname="org.wipro.automation.fb.testcases.LoginScenario" name="tc001_validateloginfunc" time="0.693"/>
  <testcase classname="org.wipro.automation.fb.testcases.LoginScenario" name="tc001_validateloginfunc" time="0.749"/>
</testsuite> <!-- Default test -->
