<?xml version="1.0" encoding="UTF-8"?>
<testng-results ignored="0" total="3" passed="3" failed="0" skipped="0">
  <reporter-output>
  </reporter-output>
  <suite started-at="2024-05-21T22:14:46 IST" name="Default suite" finished-at="2024-05-21T22:15:05 IST" duration-ms="19068">
    <groups>
    </groups>
    <test started-at="2024-05-21T22:14:46 IST" name="Default test" finished-at="2024-05-21T22:15:05 IST" duration-ms="19068">
      <class name="org.wipro.automation.fb.testcases.LoginScenario">
        <test-method is-config="true" signature="launchBrowser()[pri:0, instance:org.wipro.automation.fb.testcases.LoginScenario@6bd61f98]" started-at="2024-05-21T22:14:46 IST" name="launchBrowser" finished-at="2024-05-21T22:14:51 IST" duration-ms="5513" status="PASS">
          <reporter-output>
          </reporter-output>
        </test-method> <!-- launchBrowser -->
        <test-method signature="tc001_validateloginfunc(java.lang.String,java.lang.String)[pri:0, instance:org.wipro.automation.fb.testcases.LoginScenario@6bd61f98]" started-at="2024-05-21T22:14:51 IST" name="tc001_validateloginfunc" data-provider="ddf" finished-at="2024-05-21T22:14:52 IST" duration-ms="481" status="PASS">
          <params>
            <param index="0">
              <value>
                <![CDATA[user1]]>
              </value>
            </param>
            <param index="1">
              <value>
                <![CDATA[pass1]]>
              </value>
            </param>
          </params>
          <reporter-output>
          </reporter-output>
        </test-method> <!-- tc001_validateloginfunc -->
        <test-method is-config="true" signature="closeBrowser()[pri:0, instance:org.wipro.automation.fb.testcases.LoginScenario@6bd61f98]" started-at="2024-05-21T22:14:52 IST" name="closeBrowser" finished-at="2024-05-21T22:14:52 IST" duration-ms="1" status="PASS">
          <reporter-output>
          </reporter-output>
        </test-method> <!-- closeBrowser -->
        <test-method is-config="true" signature="launchBrowser()[pri:0, instance:org.wipro.automation.fb.testcases.LoginScenario@6bd61f98]" started-at="2024-05-21T22:14:52 IST" name="launchBrowser" finished-at="2024-05-21T22:14:57 IST" duration-ms="5295" status="PASS">
          <reporter-output>
          </reporter-output>
        </test-method> <!-- launchBrowser -->
        <test-method signature="tc001_validateloginfunc(java.lang.String,java.lang.String)[pri:0, instance:org.wipro.automation.fb.testcases.LoginScenario@6bd61f98]" started-at="2024-05-21T22:14:57 IST" name="tc001_validateloginfunc" data-provider="ddf" finished-at="2024-05-21T22:14:58 IST" duration-ms="693" status="PASS">
          <params>
            <param index="0">
              <value>
                <![CDATA[user2]]>
              </value>
            </param>
            <param index="1">
              <value>
                <![CDATA[pass2]]>
              </value>
            </param>
          </params>
          <reporter-output>
          </reporter-output>
        </test-method> <!-- tc001_validateloginfunc -->
        <test-method is-config="true" signature="closeBrowser()[pri:0, instance:org.wipro.automation.fb.testcases.LoginScenario@6bd61f98]" started-at="2024-05-21T22:14:58 IST" name="closeBrowser" finished-at="2024-05-21T22:14:58 IST" duration-ms="0" status="PASS">
          <reporter-output>
          </reporter-output>
        </test-method> <!-- closeBrowser -->
        <test-method is-config="true" signature="launchBrowser()[pri:0, instance:org.wipro.automation.fb.testcases.LoginScenario@6bd61f98]" started-at="2024-05-21T22:14:58 IST" name="launchBrowser" finished-at="2024-05-21T22:15:04 IST" duration-ms="6221" status="PASS">
          <reporter-output>
          </reporter-output>
        </test-method> <!-- launchBrowser -->
        <test-method signature="tc001_validateloginfunc(java.lang.String,java.lang.String)[pri:0, instance:org.wipro.automation.fb.testcases.LoginScenario@6bd61f98]" started-at="2024-05-21T22:15:04 IST" name="tc001_validateloginfunc" data-provider="ddf" finished-at="2024-05-21T22:15:05 IST" duration-ms="749" status="PASS">
          <params>
            <param index="0">
              <value>
                <![CDATA[user3]]>
              </value>
            </param>
            <param index="1">
              <value>
                <![CDATA[pass3]]>
              </value>
            </param>
          </params>
          <reporter-output>
          </reporter-output>
        </test-method> <!-- tc001_validateloginfunc -->
        <test-method is-config="true" signature="closeBrowser()[pri:0, instance:org.wipro.automation.fb.testcases.LoginScenario@6bd61f98]" started-at="2024-05-21T22:15:05 IST" name="closeBrowser" finished-at="2024-05-21T22:15:05 IST" duration-ms="1" status="PASS">
          <reporter-output>
          </reporter-output>
        </test-method> <!-- closeBrowser -->
      </class> <!-- org.wipro.automation.fb.testcases.LoginScenario -->
    </test> <!-- Default test -->
  </suite> <!-- Default suite -->
</testng-results>
